0 info it worked if it ends with ok
1 verbose cli [ 'C:\\Program Files\\nodejs\\node.exe',
1 verbose cli   'C:\\Program Files\\nodejs\\node_modules\\npm\\bin\\npm-cli.js',
1 verbose cli   'start' ]
2 info using npm@3.8.3
3 info using node@v5.10.1
4 verbose run-script [ 'prestart', 'start', 'poststart' ]
5 info lifecycle greate-words-alpha@1.0.0~prestart: greate-words-alpha@1.0.0
6 silly lifecycle greate-words-alpha@1.0.0~prestart: no script for prestart, continuing
7 info lifecycle greate-words-alpha@1.0.0~start: greate-words-alpha@1.0.0
8 verbose lifecycle greate-words-alpha@1.0.0~start: unsafe-perm in lifecycle true
9 verbose lifecycle greate-words-alpha@1.0.0~start: PATH: C:\Program Files\nodejs\node_modules\npm\bin\node-gyp-bin;D:\Documents\Prasanth\Workshop\greate-words-alpha\node_modules\.bin;C:\Program Files\nodejs;C:\Windows\system32;C:\Windows;C:\Windows\System32\Wbem;C:\Windows\System32\WindowsPowerShell\v1.0\;C:\Program Files (x86)\Intel\OpenCL SDK\2.0\bin\x86;C:\Program Files (x86)\Intel\OpenCL SDK\2.0\bin\x64;C:\Program Files\Lenovo\Bluetooth Software\;C:\Program Files\Lenovo\Bluetooth Software\syswow64;C:\Program Files\nodejs\;C:\Users\Prasanth\AppData\Roaming\npm;C:\Users\Prasanth\AppData\Local\Programs\Git\cmd
10 verbose lifecycle greate-words-alpha@1.0.0~start: CWD: D:\Documents\Prasanth\Workshop\greate-words-alpha
11 silly lifecycle greate-words-alpha@1.0.0~start: Args: [ '/d /s /c',
11 silly lifecycle   'tsc && concurrently "npm run tsc:w" "npm run lite" ' ]
12 silly lifecycle greate-words-alpha@1.0.0~start: Returned: code: 2  signal: null
13 info lifecycle greate-words-alpha@1.0.0~start: Failed to exec start script
14 verbose stack Error: greate-words-alpha@1.0.0 start: `tsc && concurrently "npm run tsc:w" "npm run lite" `
14 verbose stack Exit status 2
14 verbose stack     at EventEmitter.<anonymous> (C:\Program Files\nodejs\node_modules\npm\lib\utils\lifecycle.js:239:16)
14 verbose stack     at emitTwo (events.js:100:13)
14 verbose stack     at EventEmitter.emit (events.js:185:7)
14 verbose stack     at ChildProcess.<anonymous> (C:\Program Files\nodejs\node_modules\npm\lib\utils\spawn.js:24:14)
14 verbose stack     at emitTwo (events.js:100:13)
14 verbose stack     at ChildProcess.emit (events.js:185:7)
14 verbose stack     at maybeClose (internal/child_process.js:850:16)
14 verbose stack     at Process.ChildProcess._handle.onexit (internal/child_process.js:215:5)
15 verbose pkgid greate-words-alpha@1.0.0
16 verbose cwd D:\Documents\Prasanth\Workshop\greate-words-alpha
17 error Windows_NT 6.1.7600
18 error argv "C:\\Program Files\\nodejs\\node.exe" "C:\\Program Files\\nodejs\\node_modules\\npm\\bin\\npm-cli.js" "start"
19 error node v5.10.1
20 error npm  v3.8.3
21 error code ELIFECYCLE
22 error greate-words-alpha@1.0.0 start: `tsc && concurrently "npm run tsc:w" "npm run lite" `
22 error Exit status 2
23 error Failed at the greate-words-alpha@1.0.0 start script 'tsc && concurrently "npm run tsc:w" "npm run lite" '.
23 error Make sure you have the latest version of node.js and npm installed.
23 error If you do, this is most likely a problem with the greate-words-alpha package,
23 error not with npm itself.
23 error Tell the author that this fails on your system:
23 error     tsc && concurrently "npm run tsc:w" "npm run lite"
23 error You can get information on how to open an issue for this project with:
23 error     npm bugs greate-words-alpha
23 error Or if that isn't available, you can get their info via:
23 error     npm owner ls greate-words-alpha
23 error There is likely additional logging output above.
24 verbose exit [ 1, true ]
